[2021-09-22 16:29:00] [Client thread/INFO] [aT] 
[2021-09-22 16:29:00] [Client thread/INFO] [aT] ******************************************************************************************
[2021-09-22 16:29:00] [Client thread/INFO] [aT] 
[2021-09-22 16:29:00] [Client thread/INFO] [aT] WorldEdit CUI Forge Edition 3 version 3.0.9 for Minecraft 1.12.2
[2021-09-22 16:29:00] [Client thread/INFO] [aT] Built with forge 14.23.5.2838
[2021-09-22 16:29:00] [Client thread/INFO] [aT] 
[2021-09-22 16:29:00] [Client thread/INFO] [aT] Environment :
[2021-09-22 16:29:00] [Client thread/INFO] [aT] 		 OS :Mac OS X (x86_64) 
[2021-09-22 16:29:00] [Client thread/INFO] [aT] 		 Java: 1.8.0_242
[2021-09-22 16:29:00] [Client thread/INFO] [aT] 		 Language :US_en
[2021-09-22 16:29:00] [Client thread/INFO] [aT] 
[2021-09-22 16:29:00] [Client thread/INFO] [aT] ******************************************************************************************
[2021-09-22 16:29:00] [Client thread/INFO] [aT] 
[2021-09-22 16:29:00] [Client thread/INFO] [a] WorldEdit CUI Forge Edition 3 is loading ...
[2021-09-22 16:31:48] [Client thread/DEBUG] [aM] Handler registered: com.github.hexomod.worldeditcuife3.aN
[2021-09-22 16:36:33] [Client thread/INFO] [aT] 
[2021-09-22 16:36:33] [Client thread/INFO] [aT] ******************************************************************************************
[2021-09-22 16:36:33] [Client thread/INFO] [aT] 
[2021-09-22 16:36:33] [Client thread/INFO] [aT] WorldEdit CUI Forge Edition 3 version 3.0.9 for Minecraft 1.12.2
[2021-09-22 16:36:33] [Client thread/INFO] [aT] Built with forge 14.23.5.2838
[2021-09-22 16:36:33] [Client thread/INFO] [aT] 
[2021-09-22 16:36:33] [Client thread/INFO] [aT] Environment :
[2021-09-22 16:36:33] [Client thread/INFO] [aT] 		 OS :Mac OS X (x86_64) 
[2021-09-22 16:36:33] [Client thread/INFO] [aT] 		 Java: 1.8.0_242
[2021-09-22 16:36:33] [Client thread/INFO] [aT] 		 Language :US_en
[2021-09-22 16:36:33] [Client thread/INFO] [aT] 
[2021-09-22 16:36:33] [Client thread/INFO] [aT] ******************************************************************************************
[2021-09-22 16:36:33] [Client thread/INFO] [aT] 
[2021-09-22 16:36:33] [Client thread/INFO] [a] WorldEdit CUI Forge Edition 3 is loading ...
[2021-09-22 16:38:08] [Client thread/INFO] [aT] 
[2021-09-22 16:38:08] [Client thread/INFO] [aT] ******************************************************************************************
[2021-09-22 16:38:08] [Client thread/INFO] [aT] 
[2021-09-22 16:38:08] [Client thread/INFO] [aT] WorldEdit CUI Forge Edition 3 version 3.0.9 for Minecraft 1.12.2
[2021-09-22 16:38:08] [Client thread/INFO] [aT] Built with forge 14.23.5.2838
[2021-09-22 16:38:08] [Client thread/INFO] [aT] 
[2021-09-22 16:38:08] [Client thread/INFO] [aT] Environment :
[2021-09-22 16:38:08] [Client thread/INFO] [aT] 		 OS :Mac OS X (x86_64) 
[2021-09-22 16:38:08] [Client thread/INFO] [aT] 		 Java: 1.8.0_242
[2021-09-22 16:38:08] [Client thread/INFO] [aT] 		 Language :US_en
[2021-09-22 16:38:08] [Client thread/INFO] [aT] 
[2021-09-22 16:38:08] [Client thread/INFO] [aT] ******************************************************************************************
[2021-09-22 16:38:08] [Client thread/INFO] [aT] 
[2021-09-22 16:38:08] [Client thread/INFO] [a] WorldEdit CUI Forge Edition 3 is loading ...
[2021-09-22 16:42:37] [Client thread/INFO] [aT] 
[2021-09-22 16:42:37] [Client thread/INFO] [aT] ******************************************************************************************
[2021-09-22 16:42:37] [Client thread/INFO] [aT] 
[2021-09-22 16:42:37] [Client thread/INFO] [aT] WorldEdit CUI Forge Edition 3 version 3.0.9 for Minecraft 1.12.2
[2021-09-22 16:42:37] [Client thread/INFO] [aT] Built with forge 14.23.5.2838
[2021-09-22 16:42:37] [Client thread/INFO] [aT] 
[2021-09-22 16:42:37] [Client thread/INFO] [aT] Environment :
[2021-09-22 16:42:37] [Client thread/INFO] [aT] 		 OS :Mac OS X (x86_64) 
[2021-09-22 16:42:37] [Client thread/INFO] [aT] 		 Java: 1.8.0_242
[2021-09-22 16:42:37] [Client thread/INFO] [aT] 		 Language :US_en
[2021-09-22 16:42:37] [Client thread/INFO] [aT] 
[2021-09-22 16:42:37] [Client thread/INFO] [aT] ******************************************************************************************
[2021-09-22 16:42:37] [Client thread/INFO] [aT] 
[2021-09-22 16:42:37] [Client thread/INFO] [a] WorldEdit CUI Forge Edition 3 is loading ...
[2021-09-22 16:46:18] [Client thread/INFO] [aT] 
[2021-09-22 16:46:18] [Client thread/INFO] [aT] ******************************************************************************************
[2021-09-22 16:46:18] [Client thread/INFO] [aT] 
[2021-09-22 16:46:18] [Client thread/INFO] [aT] WorldEdit CUI Forge Edition 3 version 3.0.9 for Minecraft 1.12.2
[2021-09-22 16:46:18] [Client thread/INFO] [aT] Built with forge 14.23.5.2838
[2021-09-22 16:46:18] [Client thread/INFO] [aT] 
[2021-09-22 16:46:18] [Client thread/INFO] [aT] Environment :
[2021-09-22 16:46:18] [Client thread/INFO] [aT] 		 OS :Mac OS X (x86_64) 
[2021-09-22 16:46:18] [Client thread/INFO] [aT] 		 Java: 1.8.0_242
[2021-09-22 16:46:18] [Client thread/INFO] [aT] 		 Language :US_en
[2021-09-22 16:46:18] [Client thread/INFO] [aT] 
[2021-09-22 16:46:18] [Client thread/INFO] [aT] ******************************************************************************************
[2021-09-22 16:46:18] [Client thread/INFO] [aT] 
[2021-09-22 16:46:18] [Client thread/INFO] [a] WorldEdit CUI Forge Edition 3 is loading ...
[2021-09-22 16:47:53] [Client thread/INFO] [aT] 
[2021-09-22 16:47:53] [Client thread/INFO] [aT] ******************************************************************************************
[2021-09-22 16:47:53] [Client thread/INFO] [aT] 
[2021-09-22 16:47:53] [Client thread/INFO] [aT] WorldEdit CUI Forge Edition 3 version 3.0.9 for Minecraft 1.12.2
[2021-09-22 16:47:53] [Client thread/INFO] [aT] Built with forge 14.23.5.2838
[2021-09-22 16:47:53] [Client thread/INFO] [aT] 
[2021-09-22 16:47:53] [Client thread/INFO] [aT] Environment :
[2021-09-22 16:47:53] [Client thread/INFO] [aT] 		 OS :Mac OS X (x86_64) 
[2021-09-22 16:47:53] [Client thread/INFO] [aT] 		 Java: 1.8.0_242
[2021-09-22 16:47:53] [Client thread/INFO] [aT] 		 Language :US_en
[2021-09-22 16:47:53] [Client thread/INFO] [aT] 
[2021-09-22 16:47:53] [Client thread/INFO] [aT] ******************************************************************************************
[2021-09-22 16:47:53] [Client thread/INFO] [aT] 
[2021-09-22 16:47:53] [Client thread/INFO] [a] WorldEdit CUI Forge Edition 3 is loading ...
[2021-09-22 16:53:37] [Client thread/INFO] [aT] 
[2021-09-22 16:53:37] [Client thread/INFO] [aT] ******************************************************************************************
[2021-09-22 16:53:37] [Client thread/INFO] [aT] 
[2021-09-22 16:53:37] [Client thread/INFO] [aT] WorldEdit CUI Forge Edition 3 version 3.0.9 for Minecraft 1.12.2
[2021-09-22 16:53:37] [Client thread/INFO] [aT] Built with forge 14.23.5.2838
[2021-09-22 16:53:37] [Client thread/INFO] [aT] 
[2021-09-22 16:53:37] [Client thread/INFO] [aT] Environment :
[2021-09-22 16:53:37] [Client thread/INFO] [aT] 		 OS :Mac OS X (x86_64) 
[2021-09-22 16:53:37] [Client thread/INFO] [aT] 		 Java: 1.8.0_242
[2021-09-22 16:53:37] [Client thread/INFO] [aT] 		 Language :US_en
[2021-09-22 16:53:37] [Client thread/INFO] [aT] 
[2021-09-22 16:53:37] [Client thread/INFO] [aT] ******************************************************************************************
[2021-09-22 16:53:37] [Client thread/INFO] [aT] 
[2021-09-22 16:53:37] [Client thread/INFO] [a] WorldEdit CUI Forge Edition 3 is loading ...
[2021-09-22 16:55:47] [Client thread/DEBUG] [aM] Handler registered: com.github.hexomod.worldeditcuife3.aN
[2021-09-22 17:15:02] [Netty Local Client IO #0/DEBUG] [fZ] Received CUI event from server: s|cuboid
[2021-09-22 17:15:02] [Client thread/DEBUG] [q] Received command from WE : s - Params: cuboid
[2021-09-22 17:15:03] [Client thread/DEBUG] [gh] Cuboid command :s|cuboid
[2021-09-22 17:42:54] [Netty Local Client IO #0/DEBUG] [fZ] Received CUI event from server: s|cuboid
[2021-09-22 17:42:54] [Client thread/DEBUG] [q] Received command from WE : s - Params: cuboid
[2021-09-22 17:42:54] [Client thread/DEBUG] [gh] Cuboid command :s|cuboid
[2021-10-20 19:40:06] [Client thread/INFO] [aT] 
[2021-10-20 19:40:06] [Client thread/INFO] [aT] ******************************************************************************************
[2021-10-20 19:40:06] [Client thread/INFO] [aT] 
[2021-10-20 19:40:06] [Client thread/INFO] [aT] WorldEdit CUI Forge Edition 3 version 3.0.9 for Minecraft 1.12.2
[2021-10-20 19:40:06] [Client thread/INFO] [aT] Built with forge 14.23.5.2838
[2021-10-20 19:40:06] [Client thread/INFO] [aT] 
[2021-10-20 19:40:06] [Client thread/INFO] [aT] Environment :
[2021-10-20 19:40:06] [Client thread/INFO] [aT] 		 OS :Mac OS X (x86_64) 
[2021-10-20 19:40:06] [Client thread/INFO] [aT] 		 Java: 1.8.0_242
[2021-10-20 19:40:06] [Client thread/INFO] [aT] 		 Language :US_en
[2021-10-20 19:40:06] [Client thread/INFO] [aT] 
[2021-10-20 19:40:06] [Client thread/INFO] [aT] ******************************************************************************************
[2021-10-20 19:40:06] [Client thread/INFO] [aT] 
[2021-10-20 19:40:06] [Client thread/INFO] [a] WorldEdit CUI Forge Edition 3 is loading ...
[2021-10-20 19:43:01] [Client thread/DEBUG] [aM] Handler registered: com.github.hexomod.worldeditcuife3.aN
[2021-10-20 19:45:21] [Netty Local Client IO #0/DEBUG] [fZ] Received CUI event from server: s|cuboid
[2021-10-20 19:45:21] [Client thread/DEBUG] [q] Received command from WE : s - Params: cuboid
[2021-10-20 19:45:21] [Client thread/DEBUG] [gh] Cuboid command :s|cuboid
[2021-10-20 19:46:43] [Netty Local Client IO #0/DEBUG] [fZ] Received CUI event from server: s|cuboid
[2021-10-20 19:46:43] [Client thread/DEBUG] [q] Received command from WE : s - Params: cuboid
[2021-10-20 19:46:43] [Client thread/DEBUG] [gh] Cuboid command :s|cuboid
[2021-11-16 06:34:04] [Client thread/INFO] [aT] 
[2021-11-16 06:34:04] [Client thread/INFO] [aT] ******************************************************************************************
[2021-11-16 06:34:04] [Client thread/INFO] [aT] 
[2021-11-16 06:34:04] [Client thread/INFO] [aT] WorldEdit CUI Forge Edition 3 version 3.0.9 for Minecraft 1.12.2
[2021-11-16 06:34:04] [Client thread/INFO] [aT] Built with forge 14.23.5.2838
[2021-11-16 06:34:04] [Client thread/INFO] [aT] 
[2021-11-16 06:34:04] [Client thread/INFO] [aT] Environment :
[2021-11-16 06:34:04] [Client thread/INFO] [aT] 		 OS :Mac OS X (x86_64) 
[2021-11-16 06:34:04] [Client thread/INFO] [aT] 		 Java: 1.8.0_242
[2021-11-16 06:34:04] [Client thread/INFO] [aT] 		 Language :US_en
[2021-11-16 06:34:04] [Client thread/INFO] [aT] 
[2021-11-16 06:34:04] [Client thread/INFO] [aT] ******************************************************************************************
[2021-11-16 06:34:04] [Client thread/INFO] [aT] 
[2021-11-16 06:34:04] [Client thread/INFO] [a] WorldEdit CUI Forge Edition 3 is loading ...
[2021-11-16 06:36:15] [Client thread/DEBUG] [aM] Handler registered: com.github.hexomod.worldeditcuife3.aN
